21:04:58 com_github_zykrah_kicad-kle-placer.kle_placer_action 497: Plugin executed with python version: '3.11.5 (main, Apr  9 2024, 02:53:56) [MSC v.1936 64 bit (AMD64)]'
21:05:06 com_github_zykrah_kicad-kle-placer.kle_placer_action 512: User layout: Keyboard(meta=KeyboardMetadata(backcolor='#eeeeee', name='', author='', notes='', background=None, radii='', switchMount='', switchBrand='', switchType='', plate=False, pcb=False), keys=[Key(color='#cccccc', labels=['CLEAR', '', '', '', '', '', '', '', '', '', '', ''], text_color=[None, None, None, None, None, None, None, None, None, None, None, None], text_size=[None, None, None, None, None, None, None, None, None, None, None, None], default=KeyDefault(text_color='#000000', text_size=3), x=0.0, y=0.0, width=1.0, height=1.0, x2=0.0, y2=0.0, width2=1.0, height2=1.0, rotation_x=0.0, rotation_y=0.0, rotation_angle=0.0, decal=False, ghost=False, stepped=False, nub=False, profile='', sm='', sb='', st=''), Key(color='#cccccc', labels=['TAB', '', '', '', '', '', '', '', '', '', '', ''], text_color=[None, None, None, None, None, None, None, None, None, None, None, None], text_size=[None, None, None, None, None, None, None, None, None, None, None, None], default=KeyDefault(text_color='#000000', text_size=3), x=1.0, y=0.0, width=1.5, height=1, x2=0, y2=0, width2=1.5, height2=1, rotation_x=0.0, rotation_y=0.0, rotation_angle=0.0, decal=False, ghost=False, stepped=False, nub=False, profile='', sm='', sb='', st=''), Key(color='#cccccc', labels=['BKSPC', '', '', '', '', '', '', '', '', '', '', ''], text_color=[None, None, None, None, None, None, None, None, None, None, None, None], text_size=[None, None, None, None, None, None, None, None, None, None, None, None], default=KeyDefault(text_color='#000000', text_size=3), x=2.5, y=0.0, width=1.5, height=1, x2=0, y2=0, width2=1.5, height2=1, rotation_x=0.0, rotation_y=0.0, rotation_angle=0.0, decal=False, ghost=False, stepped=False, nub=False, profile='', sm='', sb='', st=''), Key(color='#cccccc', labels=["<h5><b>Getting Started with Keyboard-Layout-Editor.com</b></h5><p>Keyboard-layout-editor.com is a web application that enables the editing of keyboard-layouts, i.e., the position and appearance of each physical key.</p><p>Start by exploring the presets and samples from the menu-bar to give you an idea of the possibilities.  Once you are ready to start designing your own keyboard, just load one of the presets and start customizing it!  Some tips:</p><ul><li>The selected keys can be modified on the <i>Properties</i> tab.</li><li>The <i>Keyboard Properties</i> tab lets you edit the keyboard background and keyboard metadata.</li><li>The <i>Custom Styles</i> tab lets you write advanced CSS styling rules.</li><li>Don't forget the <i>Color Swatches</i> and <i>Character Picker</i> menu items!  These give you easy access to colors and symbol characters, respectively.</li><li>There are a lot of available keyboard shortcuts; press '?' or 'F1' to see a list.</li></ul><p>When you're ready to save your layout, simply 'Sign In' with your <a href='https://www.github.com'>GitHub</a> account and click the <i>Save</i> button.  Your layout will be saved in a GitHub Gist.</p><p>Have fun!</p>", '', '', '', '', '', '', '', '', '', '', ''], text_color=[None, None, None, None, None, None, None, None, None, None, None, None], text_size=[None, None, None, None, None, None, None, None, None, None, None, None], default=KeyDefault(text_color='#000000', text_size=4), x=4.25, y=0.0, width=14, height=5, x2=0, y2=0, width2=14, height2=5, rotation_x=0.0, rotation_y=0.0, rotation_angle=0.0, decal=True, ghost=False, stepped=False, nub=False, profile='', sm='', sb='', st=''), Key(color='#cccccc', labels=['7', '', '', '', '', '', 'Home', '', '', '', '', ''], text_color=[None, None, None, None, None, None, None, None, None, None, None, None], text_size=[None, None, None, None, None, None, None, None, None, None, None, None], default=KeyDefault(text_color='#000000', text_size=3), x=0.0, y=1.0, width=1, height=1, x2=0, y2=0, width2=1, height2=1, rotation_x=0.0, rotation_y=0.0, rotation_angle=0.0, decal=False, ghost=False, stepped=False, nub=False, profile='', sm='', sb='', st=''), Key(color='#cccccc', labels=['8', '', '', '', '', '', '↑', '', '', '', '', ''], text_color=[None, None, None, None, None, None, None, None, None, None, None, None], text_size=[None, None, None, None, None, None, None, None, None, None, None, None], default=KeyDefault(text_color='#000000', text_size=3), x=1.0, y=1.0, width=1, height=1, x2=0, y2=0, width2=1, height2=1, rotation_x=0.0, rotation_y=0.0, rotation_angle=0.0, decal=False, ghost=False, stepped=False, nub=False, profile='', sm='', sb='', st=''), Key(color='#cccccc', labels=['9', '', '', '', '', '', 'PgUp', '', '', '', '', ''], text_color=[None, None, None, None, None, None, None, None, None, None, None, None], text_size=[None, None, None, None, None, None, None, None, None, None, None, None], default=KeyDefault(text_color='#000000', text_size=3), x=2.0, y=1.0, width=1, height=1, x2=0, y2=0, width2=1, height2=1, rotation_x=0.0, rotation_y=0.0, rotation_angle=0.0, decal=False, ghost=False, stepped=False, nub=False, profile='', sm='', sb='', st=''), Key(color='#cccccc', labels=['+', '', '', '', '', '', '', '', '', '', '', ''], text_color=[None, None, None, None, None, None, None, None, None, None, None, None], text_size=[None, None, None, None, None, None, None, None, None, None, None, None], default=KeyDefault(text_color='#000000', text_size=3), x=3.0, y=1.0, width=1, height=2, x2=0, y2=0, width2=1, height2=1, rotation_x=0.0, rotation_y=0.0, rotation_angle=0.0, decal=False, ghost=False, stepped=False, nub=False, profile='', sm='', sb='', st=''), Key(color='#cccccc', labels=['4', '', '', '', '', '', '←', '', '', '', '', ''], text_color=[None, None, None, None, None, None, None, None, None, None, None, None], text_size=[None, None, None, None, None, None, None, None, None, None, None, None], default=KeyDefault(text_color='#000000', text_size=3), x=0.0, y=2.0, width=1, height=1, x2=0, y2=0, width2=1, height2=1, rotation_x=0.0, rotation_y=0.0, rotation_angle=0.0, decal=False, ghost=False, stepped=False, nub=False, profile='', sm='', sb='', st=''), Key(color='#cccccc', labels=['5', '', '', '', '', '', '', '', '', '', '', ''], text_color=[None, None, None, None, None, None, None, None, None, None, None, None], text_size=[None, None, None, None, None, None, None, None, None, None, None, None], default=KeyDefault(text_color='#000000', text_size=3), x=1.0, y=2.0, width=1, height=1, x2=0, y2=0, width2=1, height2=1, rotation_x=0.0, rotation_y=0.0, rotation_angle=0.0, decal=False, ghost=False, stepped=False, nub=False, profile='', sm='', sb='', st=''), Key(color='#cccccc', labels=['6', '', '', '', '', '', '→', '', '', '', '', ''], text_color=[None, None, None, None, None, None, None, None, None, None, None, None], text_size=[None, None, None, None, None, None, None, None, None, None, None, None], default=KeyDefault(text_color='#000000', text_size=3), x=2.0, y=2.0, width=1, height=1, x2=0, y2=0, width2=1, height2=1, rotation_x=0.0, rotation_y=0.0, rotation_angle=0.0, decal=False, ghost=False, stepped=False, nub=False, profile='', sm='', sb='', st=''), Key(color='#cccccc', labels=['1', '', '', '', '', '', 'End', '', '', '', '', ''], text_color=[None, None, None, None, None, None, None, None, None, None, None, None], text_size=[None, None, None, None, None, None, None, None, None, None, None, None], default=KeyDefault(text_color='#000000', text_size=3), x=0.0, y=3.0, width=1, height=1, x2=0, y2=0, width2=1, height2=1, rotation_x=0.0, rotation_y=0.0, rotation_angle=0.0, decal=False, ghost=False, stepped=False, nub=False, profile='', sm='', sb='', st=''), Key(color='#cccccc', labels=['2', '', '', '', '', '', '↓', '', '', '', '', ''], text_color=[None, None, None, None, None, None, None, None, None, None, None, None], text_size=[None, None, None, None, None, None, None, None, None, None, None, None], default=KeyDefault(text_color='#000000', text_size=3), x=1.0, y=3.0, width=1, height=1, x2=0, y2=0, width2=1, height2=1, rotation_x=0.0, rotation_y=0.0, rotation_angle=0.0, decal=False, ghost=False, stepped=False, nub=False, profile='', sm='', sb='', st=''), Key(color='#cccccc', labels=['3', '', '', '', '', '', 'PgDn', '', '', '', '', ''], text_color=[None, None, None, None, None, None, None, None, None, None, None, None], text_size=[None, None, None, None, None, None, None, None, None, None, None, None], default=KeyDefault(text_color='#000000', text_size=3), x=2.0, y=3.0, width=1, height=1, x2=0, y2=0, width2=1, height2=1, rotation_x=0.0, rotation_y=0.0, rotation_angle=0.0, decal=False, ghost=False, stepped=False, nub=False, profile='', sm='', sb='', st=''), Key(color='#cccccc', labels=['Enter', '', '', '', '', '', '', '', '', '', '', ''], text_color=[None, None, None, None, None, None, None, None, None, None, None, None], text_size=[None, None, None, None, None, None, None, None, None, None, None, None], default=KeyDefault(text_color='#000000', text_size=3), x=3.0, y=3.0, width=1, height=2, x2=0, y2=0, width2=1, height2=2, rotation_x=0.0, rotation_y=0.0, rotation_angle=0.0, decal=False, ghost=False, stepped=False, nub=False, profile='', sm='', sb='', st=''), Key(color='#cccccc', labels=['0', '', '', '', '', '', 'Ins', '', '', '', '', ''], text_color=[None, None, None, None, None, None, None, None, None, None, None, None], text_size=[None, None, None, None, None, None, None, None, None, None, None, None], default=KeyDefault(text_color='#000000', text_size=3), x=0.0, y=4.0, width=2, height=1, x2=0, y2=0, width2=2, height2=1, rotation_x=0.0, rotation_y=0.0, rotation_angle=0.0, decal=False, ghost=False, stepped=False, nub=False, profile='', sm='', sb='', st=''), Key(color='#cccccc', labels=['.', '', '', '', '', '', 'Del', '', '', '', '', ''], text_color=[None, None, None, None, None, None, None, None, None, None, None, None], text_size=[None, None, None, None, None, None, None, None, None, None, None, None], default=KeyDefault(text_color='#000000', text_size=3), x=2.0, y=4.0, width=1, height=1, x2=0, y2=0, width2=1, height2=1, rotation_x=0.0, rotation_y=0.0, rotation_angle=0.0, decal=False, ghost=False, stepped=False, nub=False, profile='', sm='', sb='', st='')])
21:05:06 com_github_zykrah_kicad-kle-placer.kle_placer_action 181: [Key(color='#cccccc', labels=['CLEAR', '', '', '', '', '', '', '', '', '', '', ''], text_color=[None, None, None, None, None, None, None, None, None, None, None, None], text_size=[None, None, None, None, None, None, None, None, None, None, None, None], default=KeyDefault(text_color='#000000', text_size=3), x=0.0, y=0.0, width=1.0, height=1.0, x2=0.0, y2=0.0, width2=1.0, height2=1.0, rotation_x=0.0, rotation_y=0.0, rotation_angle=0.0, decal=False, ghost=False, stepped=False, nub=False, profile='', sm='', sb='', st=''), Key(color='#cccccc', labels=['TAB', '', '', '', '', '', '', '', '', '', '', ''], text_color=[None, None, None, None, None, None, None, None, None, None, None, None], text_size=[None, None, None, None, None, None, None, None, None, None, None, None], default=KeyDefault(text_color='#000000', text_size=3), x=1.0, y=0.0, width=1.5, height=1, x2=0, y2=0, width2=1.5, height2=1, rotation_x=0.0, rotation_y=0.0, rotation_angle=0.0, decal=False, ghost=False, stepped=False, nub=False, profile='', sm='', sb='', st=''), Key(color='#cccccc', labels=['BKSPC', '', '', '', '', '', '', '', '', '', '', ''], text_color=[None, None, None, None, None, None, None, None, None, None, None, None], text_size=[None, None, None, None, None, None, None, None, None, None, None, None], default=KeyDefault(text_color='#000000', text_size=3), x=2.5, y=0.0, width=1.5, height=1, x2=0, y2=0, width2=1.5, height2=1, rotation_x=0.0, rotation_y=0.0, rotation_angle=0.0, decal=False, ghost=False, stepped=False, nub=False, profile='', sm='', sb='', st=''), Key(color='#cccccc', labels=["<h5><b>Getting Started with Keyboard-Layout-Editor.com</b></h5><p>Keyboard-layout-editor.com is a web application that enables the editing of keyboard-layouts, i.e., the position and appearance of each physical key.</p><p>Start by exploring the presets and samples from the menu-bar to give you an idea of the possibilities.  Once you are ready to start designing your own keyboard, just load one of the presets and start customizing it!  Some tips:</p><ul><li>The selected keys can be modified on the <i>Properties</i> tab.</li><li>The <i>Keyboard Properties</i> tab lets you edit the keyboard background and keyboard metadata.</li><li>The <i>Custom Styles</i> tab lets you write advanced CSS styling rules.</li><li>Don't forget the <i>Color Swatches</i> and <i>Character Picker</i> menu items!  These give you easy access to colors and symbol characters, respectively.</li><li>There are a lot of available keyboard shortcuts; press '?' or 'F1' to see a list.</li></ul><p>When you're ready to save your layout, simply 'Sign In' with your <a href='https://www.github.com'>GitHub</a> account and click the <i>Save</i> button.  Your layout will be saved in a GitHub Gist.</p><p>Have fun!</p>", '', '', '', '', '', '', '', '', '', '', ''], text_color=[None, None, None, None, None, None, None, None, None, None, None, None], text_size=[None, None, None, None, None, None, None, None, None, None, None, None], default=KeyDefault(text_color='#000000', text_size=4), x=4.25, y=0.0, width=14, height=5, x2=0, y2=0, width2=14, height2=5, rotation_x=0.0, rotation_y=0.0, rotation_angle=0.0, decal=True, ghost=False, stepped=False, nub=False, profile='', sm='', sb='', st=''), Key(color='#cccccc', labels=['7', '', '', '', '', '', 'Home', '', '', '', '', ''], text_color=[None, None, None, None, None, None, None, None, None, None, None, None], text_size=[None, None, None, None, None, None, None, None, None, None, None, None], default=KeyDefault(text_color='#000000', text_size=3), x=0.0, y=1.0, width=1, height=1, x2=0, y2=0, width2=1, height2=1, rotation_x=0.0, rotation_y=0.0, rotation_angle=0.0, decal=False, ghost=False, stepped=False, nub=False, profile='', sm='', sb='', st=''), Key(color='#cccccc', labels=['8', '', '', '', '', '', '↑', '', '', '', '', ''], text_color=[None, None, None, None, None, None, None, None, None, None, None, None], text_size=[None, None, None, None, None, None, None, None, None, None, None, None], default=KeyDefault(text_color='#000000', text_size=3), x=1.0, y=1.0, width=1, height=1, x2=0, y2=0, width2=1, height2=1, rotation_x=0.0, rotation_y=0.0, rotation_angle=0.0, decal=False, ghost=False, stepped=False, nub=False, profile='', sm='', sb='', st=''), Key(color='#cccccc', labels=['9', '', '', '', '', '', 'PgUp', '', '', '', '', ''], text_color=[None, None, None, None, None, None, None, None, None, None, None, None], text_size=[None, None, None, None, None, None, None, None, None, None, None, None], default=KeyDefault(text_color='#000000', text_size=3), x=2.0, y=1.0, width=1, height=1, x2=0, y2=0, width2=1, height2=1, rotation_x=0.0, rotation_y=0.0, rotation_angle=0.0, decal=False, ghost=False, stepped=False, nub=False, profile='', sm='', sb='', st=''), Key(color='#cccccc', labels=['+', '', '', '', '', '', '', '', '', '', '', ''], text_color=[None, None, None, None, None, None, None, None, None, None, None, None], text_size=[None, None, None, None, None, None, None, None, None, None, None, None], default=KeyDefault(text_color='#000000', text_size=3), x=3.0, y=1.0, width=1, height=2, x2=0, y2=0, width2=1, height2=1, rotation_x=0.0, rotation_y=0.0, rotation_angle=0.0, decal=False, ghost=False, stepped=False, nub=False, profile='', sm='', sb='', st=''), Key(color='#cccccc', labels=['4', '', '', '', '', '', '←', '', '', '', '', ''], text_color=[None, None, None, None, None, None, None, None, None, None, None, None], text_size=[None, None, None, None, None, None, None, None, None, None, None, None], default=KeyDefault(text_color='#000000', text_size=3), x=0.0, y=2.0, width=1, height=1, x2=0, y2=0, width2=1, height2=1, rotation_x=0.0, rotation_y=0.0, rotation_angle=0.0, decal=False, ghost=False, stepped=False, nub=False, profile='', sm='', sb='', st=''), Key(color='#cccccc', labels=['5', '', '', '', '', '', '', '', '', '', '', ''], text_color=[None, None, None, None, None, None, None, None, None, None, None, None], text_size=[None, None, None, None, None, None, None, None, None, None, None, None], default=KeyDefault(text_color='#000000', text_size=3), x=1.0, y=2.0, width=1, height=1, x2=0, y2=0, width2=1, height2=1, rotation_x=0.0, rotation_y=0.0, rotation_angle=0.0, decal=False, ghost=False, stepped=False, nub=False, profile='', sm='', sb='', st=''), Key(color='#cccccc', labels=['6', '', '', '', '', '', '→', '', '', '', '', ''], text_color=[None, None, None, None, None, None, None, None, None, None, None, None], text_size=[None, None, None, None, None, None, None, None, None, None, None, None], default=KeyDefault(text_color='#000000', text_size=3), x=2.0, y=2.0, width=1, height=1, x2=0, y2=0, width2=1, height2=1, rotation_x=0.0, rotation_y=0.0, rotation_angle=0.0, decal=False, ghost=False, stepped=False, nub=False, profile='', sm='', sb='', st=''), Key(color='#cccccc', labels=['1', '', '', '', '', '', 'End', '', '', '', '', ''], text_color=[None, None, None, None, None, None, None, None, None, None, None, None], text_size=[None, None, None, None, None, None, None, None, None, None, None, None], default=KeyDefault(text_color='#000000', text_size=3), x=0.0, y=3.0, width=1, height=1, x2=0, y2=0, width2=1, height2=1, rotation_x=0.0, rotation_y=0.0, rotation_angle=0.0, decal=False, ghost=False, stepped=False, nub=False, profile='', sm='', sb='', st=''), Key(color='#cccccc', labels=['2', '', '', '', '', '', '↓', '', '', '', '', ''], text_color=[None, None, None, None, None, None, None, None, None, None, None, None], text_size=[None, None, None, None, None, None, None, None, None, None, None, None], default=KeyDefault(text_color='#000000', text_size=3), x=1.0, y=3.0, width=1, height=1, x2=0, y2=0, width2=1, height2=1, rotation_x=0.0, rotation_y=0.0, rotation_angle=0.0, decal=False, ghost=False, stepped=False, nub=False, profile='', sm='', sb='', st=''), Key(color='#cccccc', labels=['3', '', '', '', '', '', 'PgDn', '', '', '', '', ''], text_color=[None, None, None, None, None, None, None, None, None, None, None, None], text_size=[None, None, None, None, None, None, None, None, None, None, None, None], default=KeyDefault(text_color='#000000', text_size=3), x=2.0, y=3.0, width=1, height=1, x2=0, y2=0, width2=1, height2=1, rotation_x=0.0, rotation_y=0.0, rotation_angle=0.0, decal=False, ghost=False, stepped=False, nub=False, profile='', sm='', sb='', st=''), Key(color='#cccccc', labels=['Enter', '', '', '', '', '', '', '', '', '', '', ''], text_color=[None, None, None, None, None, None, None, None, None, None, None, None], text_size=[None, None, None, None, None, None, None, None, None, None, None, None], default=KeyDefault(text_color='#000000', text_size=3), x=3.0, y=3.0, width=1, height=2, x2=0, y2=0, width2=1, height2=2, rotation_x=0.0, rotation_y=0.0, rotation_angle=0.0, decal=False, ghost=False, stepped=False, nub=False, profile='', sm='', sb='', st=''), Key(color='#cccccc', labels=['0', '', '', '', '', '', 'Ins', '', '', '', '', ''], text_color=[None, None, None, None, None, None, None, None, None, None, None, None], text_size=[None, None, None, None, None, None, None, None, None, None, None, None], default=KeyDefault(text_color='#000000', text_size=3), x=0.0, y=4.0, width=2, height=1, x2=0, y2=0, width2=2, height2=1, rotation_x=0.0, rotation_y=0.0, rotation_angle=0.0, decal=False, ghost=False, stepped=False, nub=False, profile='', sm='', sb='', st=''), Key(color='#cccccc', labels=['.', '', '', '', '', '', 'Del', '', '', '', '', ''], text_color=[None, None, None, None, None, None, None, None, None, None, None, None], text_size=[None, None, None, None, None, None, None, None, None, None, None, None], default=KeyDefault(text_color='#000000', text_size=3), x=2.0, y=4.0, width=1, height=1, x2=0, y2=0, width2=1, height2=1, rotation_x=0.0, rotation_y=0.0, rotation_angle=0.0, decal=False, ghost=False, stepped=False, nub=False, profile='', sm='', sb='', st='')]
21:05:06 com_github_zykrah_kicad-kle-placer.kle_placer_action 134: Searching for MX1 footprint
21:05:06 com_github_zykrah_kicad-kle-placer.kle_placer_action 348: first_key_pos (95091250, 69850000)
21:05:06 com_github_zykrah_kicad-kle-placer.kle_placer_action 361: default_key_rotation 0.0
21:05:06 com_github_zykrah_kicad-kle-placer.kle_placer_action 134: Searching for D1 footprint
21:05:06 com_github_zykrah_kicad-kle-placer.kle_placer_action 134: Searching for D1 footprint
21:05:06 com_github_zykrah_kicad-kle-placer.kle_placer_action 134: Searching for MX1 footprint
21:05:06 com_github_zykrah_kicad-kle-placer.kle_placer_action 134: Searching for S1 footprint
21:05:06 com_github_zykrah_kicad-kle-placer.kle_placer_action 142: Setting MX1 footprint position: (104616250, 79375000)
21:05:06 com_github_zykrah_kicad-kle-placer.kle_placer_action 142: Setting D1 footprint position: (104638750, 84137500)
21:05:06 com_github_zykrah_kicad-kle-placer.kle_placer_action 150: Rotating D1 footprint: rotationReference: (104616250, 79375000), rotationAngle: 0
21:05:06 com_github_zykrah_kicad-kle-placer.kle_placer_action 142: Setting S1 footprint position: (104616250, 79375000)
21:05:06 com_github_zykrah_kicad-kle-placer.kle_placer_action 134: Searching for D2 footprint
21:05:06 com_github_zykrah_kicad-kle-placer.kle_placer_action 134: Searching for MX2 footprint
21:05:06 com_github_zykrah_kicad-kle-placer.kle_placer_action 134: Searching for S2 footprint
21:05:06 com_github_zykrah_kicad-kle-placer.kle_placer_action 142: Setting MX2 footprint position: (128428750, 79375000)
21:05:06 com_github_zykrah_kicad-kle-placer.kle_placer_action 142: Setting D2 footprint position: (128451250, 84137500)
21:05:06 com_github_zykrah_kicad-kle-placer.kle_placer_action 150: Rotating D2 footprint: rotationReference: (128428750, 79375000), rotationAngle: 0
21:05:06 com_github_zykrah_kicad-kle-placer.kle_placer_action 142: Setting S2 footprint position: (128428750, 79375000)
21:05:06 com_github_zykrah_kicad-kle-placer.kle_placer_action 134: Searching for D3 footprint
21:05:06 com_github_zykrah_kicad-kle-placer.kle_placer_action 134: Searching for MX3 footprint
21:05:06 com_github_zykrah_kicad-kle-placer.kle_placer_action 134: Searching for S3 footprint
21:05:06 com_github_zykrah_kicad-kle-placer.kle_placer_action 142: Setting MX3 footprint position: (157003750, 79375000)
21:05:06 com_github_zykrah_kicad-kle-placer.kle_placer_action 142: Setting D3 footprint position: (157026250, 84137500)
21:05:06 com_github_zykrah_kicad-kle-placer.kle_placer_action 150: Rotating D3 footprint: rotationReference: (157003750, 79375000), rotationAngle: 0
21:05:06 com_github_zykrah_kicad-kle-placer.kle_placer_action 134: Searching for D4 footprint
21:05:06 com_github_zykrah_kicad-kle-placer.kle_placer_action 134: Searching for MX4 footprint
21:05:06 com_github_zykrah_kicad-kle-placer.kle_placer_action 134: Searching for S4 footprint
21:05:06 com_github_zykrah_kicad-kle-placer.kle_placer_action 142: Setting MX4 footprint position: (309403750, 117475000)
21:05:06 com_github_zykrah_kicad-kle-placer.kle_placer_action 142: Setting D4 footprint position: (309426250, 122237500)
21:05:06 com_github_zykrah_kicad-kle-placer.kle_placer_action 150: Rotating D4 footprint: rotationReference: (309403750, 117475000), rotationAngle: 0
21:05:06 com_github_zykrah_kicad-kle-placer.kle_placer_action 134: Searching for D5 footprint
21:05:06 com_github_zykrah_kicad-kle-placer.kle_placer_action 134: Searching for MX5 footprint
21:05:06 com_github_zykrah_kicad-kle-placer.kle_placer_action 134: Searching for S5 footprint
21:05:06 com_github_zykrah_kicad-kle-placer.kle_placer_action 142: Setting MX5 footprint position: (104616250, 98425000)
21:05:06 com_github_zykrah_kicad-kle-placer.kle_placer_action 142: Setting D5 footprint position: (104638750, 103187500)
21:05:06 com_github_zykrah_kicad-kle-placer.kle_placer_action 150: Rotating D5 footprint: rotationReference: (104616250, 98425000), rotationAngle: 0
21:05:06 com_github_zykrah_kicad-kle-placer.kle_placer_action 134: Searching for D6 footprint
21:05:06 com_github_zykrah_kicad-kle-placer.kle_placer_action 134: Searching for MX6 footprint
21:05:06 com_github_zykrah_kicad-kle-placer.kle_placer_action 134: Searching for S6 footprint
21:05:06 com_github_zykrah_kicad-kle-placer.kle_placer_action 142: Setting MX6 footprint position: (123666250, 98425000)
21:05:06 com_github_zykrah_kicad-kle-placer.kle_placer_action 142: Setting D6 footprint position: (123688750, 103187500)
21:05:06 com_github_zykrah_kicad-kle-placer.kle_placer_action 150: Rotating D6 footprint: rotationReference: (123666250, 98425000), rotationAngle: 0
21:05:06 com_github_zykrah_kicad-kle-placer.kle_placer_action 134: Searching for D7 footprint
21:05:06 com_github_zykrah_kicad-kle-placer.kle_placer_action 134: Searching for MX7 footprint
21:05:06 com_github_zykrah_kicad-kle-placer.kle_placer_action 134: Searching for S7 footprint
21:05:06 com_github_zykrah_kicad-kle-placer.kle_placer_action 142: Setting MX7 footprint position: (142716250, 98425000)
21:05:06 com_github_zykrah_kicad-kle-placer.kle_placer_action 142: Setting D7 footprint position: (142738750, 103187500)
21:05:06 com_github_zykrah_kicad-kle-placer.kle_placer_action 150: Rotating D7 footprint: rotationReference: (142716250, 98425000), rotationAngle: 0
21:05:06 com_github_zykrah_kicad-kle-placer.kle_placer_action 134: Searching for D8 footprint
21:05:06 com_github_zykrah_kicad-kle-placer.kle_placer_action 134: Searching for MX8 footprint
21:05:06 com_github_zykrah_kicad-kle-placer.kle_placer_action 134: Searching for S8 footprint
21:05:06 com_github_zykrah_kicad-kle-placer.kle_placer_action 142: Setting MX8 footprint position: (161766250, 107950000)
21:05:06 com_github_zykrah_kicad-kle-placer.kle_placer_action 142: Setting D8 footprint position: (161788750, 112712500)
21:05:06 com_github_zykrah_kicad-kle-placer.kle_placer_action 150: Rotating D8 footprint: rotationReference: (161766250, 107950000), rotationAngle: 0
21:05:06 com_github_zykrah_kicad-kle-placer.kle_placer_action 134: Searching for D9 footprint
21:05:06 com_github_zykrah_kicad-kle-placer.kle_placer_action 134: Searching for MX9 footprint
21:05:06 com_github_zykrah_kicad-kle-placer.kle_placer_action 134: Searching for S9 footprint
21:05:06 com_github_zykrah_kicad-kle-placer.kle_placer_action 142: Setting MX9 footprint position: (104616250, 117475000)
21:05:06 com_github_zykrah_kicad-kle-placer.kle_placer_action 142: Setting D9 footprint position: (104638750, 122237500)
21:05:06 com_github_zykrah_kicad-kle-placer.kle_placer_action 150: Rotating D9 footprint: rotationReference: (104616250, 117475000), rotationAngle: 0
21:05:06 com_github_zykrah_kicad-kle-placer.kle_placer_action 134: Searching for D10 footprint
21:05:06 com_github_zykrah_kicad-kle-placer.kle_placer_action 134: Searching for MX10 footprint
21:05:06 com_github_zykrah_kicad-kle-placer.kle_placer_action 134: Searching for S10 footprint
21:05:06 com_github_zykrah_kicad-kle-placer.kle_placer_action 142: Setting MX10 footprint position: (123666250, 117475000)
21:05:06 com_github_zykrah_kicad-kle-placer.kle_placer_action 142: Setting D10 footprint position: (123688750, 122237500)
21:05:06 com_github_zykrah_kicad-kle-placer.kle_placer_action 150: Rotating D10 footprint: rotationReference: (123666250, 117475000), rotationAngle: 0
21:05:06 com_github_zykrah_kicad-kle-placer.kle_placer_action 134: Searching for D11 footprint
21:05:06 com_github_zykrah_kicad-kle-placer.kle_placer_action 134: Searching for MX11 footprint
21:05:06 com_github_zykrah_kicad-kle-placer.kle_placer_action 134: Searching for S11 footprint
21:05:06 com_github_zykrah_kicad-kle-placer.kle_placer_action 142: Setting MX11 footprint position: (142716250, 117475000)
21:05:06 com_github_zykrah_kicad-kle-placer.kle_placer_action 142: Setting D11 footprint position: (142738750, 122237500)
21:05:06 com_github_zykrah_kicad-kle-placer.kle_placer_action 150: Rotating D11 footprint: rotationReference: (142716250, 117475000), rotationAngle: 0
21:05:06 com_github_zykrah_kicad-kle-placer.kle_placer_action 134: Searching for D12 footprint
21:05:06 com_github_zykrah_kicad-kle-placer.kle_placer_action 134: Searching for MX12 footprint
21:05:06 com_github_zykrah_kicad-kle-placer.kle_placer_action 134: Searching for S12 footprint
21:05:06 com_github_zykrah_kicad-kle-placer.kle_placer_action 142: Setting MX12 footprint position: (104616250, 136525000)
21:05:06 com_github_zykrah_kicad-kle-placer.kle_placer_action 142: Setting D12 footprint position: (104638750, 141287500)
21:05:06 com_github_zykrah_kicad-kle-placer.kle_placer_action 150: Rotating D12 footprint: rotationReference: (104616250, 136525000), rotationAngle: 0
21:05:06 com_github_zykrah_kicad-kle-placer.kle_placer_action 134: Searching for D13 footprint
21:05:06 com_github_zykrah_kicad-kle-placer.kle_placer_action 134: Searching for MX13 footprint
21:05:06 com_github_zykrah_kicad-kle-placer.kle_placer_action 134: Searching for S13 footprint
21:05:06 com_github_zykrah_kicad-kle-placer.kle_placer_action 142: Setting MX13 footprint position: (123666250, 136525000)
21:05:06 com_github_zykrah_kicad-kle-placer.kle_placer_action 142: Setting D13 footprint position: (123688750, 141287500)
21:05:06 com_github_zykrah_kicad-kle-placer.kle_placer_action 150: Rotating D13 footprint: rotationReference: (123666250, 136525000), rotationAngle: 0
21:05:06 com_github_zykrah_kicad-kle-placer.kle_placer_action 134: Searching for D14 footprint
21:05:06 com_github_zykrah_kicad-kle-placer.kle_placer_action 134: Searching for MX14 footprint
21:05:06 com_github_zykrah_kicad-kle-placer.kle_placer_action 134: Searching for S14 footprint
21:05:06 com_github_zykrah_kicad-kle-placer.kle_placer_action 142: Setting MX14 footprint position: (142716250, 136525000)
21:05:06 com_github_zykrah_kicad-kle-placer.kle_placer_action 142: Setting D14 footprint position: (142738750, 141287500)
21:05:06 com_github_zykrah_kicad-kle-placer.kle_placer_action 150: Rotating D14 footprint: rotationReference: (142716250, 136525000), rotationAngle: 0
21:05:06 com_github_zykrah_kicad-kle-placer.kle_placer_action 134: Searching for D15 footprint
21:05:06 com_github_zykrah_kicad-kle-placer.kle_placer_action 134: Searching for MX15 footprint
21:05:06 com_github_zykrah_kicad-kle-placer.kle_placer_action 134: Searching for S15 footprint
21:05:06 com_github_zykrah_kicad-kle-placer.kle_placer_action 142: Setting MX15 footprint position: (161766250, 146050000)
21:05:06 com_github_zykrah_kicad-kle-placer.kle_placer_action 142: Setting D15 footprint position: (161788750, 150812500)
21:05:06 com_github_zykrah_kicad-kle-placer.kle_placer_action 150: Rotating D15 footprint: rotationReference: (161766250, 146050000), rotationAngle: 0
21:05:06 com_github_zykrah_kicad-kle-placer.kle_placer_action 134: Searching for D16 footprint
21:05:06 com_github_zykrah_kicad-kle-placer.kle_placer_action 134: Searching for MX16 footprint
21:05:06 com_github_zykrah_kicad-kle-placer.kle_placer_action 134: Searching for S16 footprint
21:05:06 com_github_zykrah_kicad-kle-placer.kle_placer_action 142: Setting MX16 footprint position: (114141250, 155575000)
21:05:06 com_github_zykrah_kicad-kle-placer.kle_placer_action 142: Setting D16 footprint position: (114163750, 160337500)
21:05:06 com_github_zykrah_kicad-kle-placer.kle_placer_action 150: Rotating D16 footprint: rotationReference: (114141250, 155575000), rotationAngle: 0
21:05:06 com_github_zykrah_kicad-kle-placer.kle_placer_action 134: Searching for D17 footprint
21:05:06 com_github_zykrah_kicad-kle-placer.kle_placer_action 134: Searching for MX17 footprint
21:05:06 com_github_zykrah_kicad-kle-placer.kle_placer_action 134: Searching for S17 footprint
21:05:06 com_github_zykrah_kicad-kle-placer.kle_placer_action 142: Setting MX17 footprint position: (142716250, 155575000)
21:05:06 com_github_zykrah_kicad-kle-placer.kle_placer_action 142: Setting D17 footprint position: (142738750, 160337500)
21:05:06 com_github_zykrah_kicad-kle-placer.kle_placer_action 150: Rotating D17 footprint: rotationReference: (142716250, 155575000), rotationAngle: 0
