## Footprint report - date 2024-06-01T15:43:46-0500
## Created by KiCad version 8.0.2
## Unit = mm, Angle = deg.

$BeginDESCRIPTION

$BOARD
upper_left_corner 89.148690 66.595500
lower_right_corner 197.871310 169.148250
$EndBOARD

$MODULE D1
footprint Diode_SMD:D_SOD-123
attribut smd
position 112.712500 84.137500  orientation 90.00
layer back
$PAD "1"
Shape Roundrect Layer back
position -1.650000  0.000000  size  0.900000  1.200000  orientation 0.00
drill  0.000000
shape_offset  0.000000  0.000000
$EndPAD
$PAD "2"
Shape Roundrect Layer back
position  1.650000  0.000000  size  0.900000  1.200000  orientation 0.00
drill  0.000000
shape_offset  0.000000  0.000000
$EndPAD
$EndMODULE  D1

$MODULE D2
footprint Diode_SMD:D_SOD-123
attribut smd
position 136.525000 84.137500  orientation 90.00
layer back
$PAD "1"
Shape Roundrect Layer back
position -1.650000  0.000000  size  0.900000  1.200000  orientation 0.00
drill  0.000000
shape_offset  0.000000  0.000000
$EndPAD
$PAD "2"
Shape Roundrect Layer back
position  1.650000  0.000000  size  0.900000  1.200000  orientation 0.00
drill  0.000000
shape_offset  0.000000  0.000000
$EndPAD
$EndMODULE  D2

$MODULE D3
footprint Diode_SMD:D_SOD-123
attribut smd
position 153.987500 150.875000  orientation 90.00
layer back
$PAD "1"
Shape Roundrect Layer back
position -1.650000  0.000000  size  0.900000  1.200000  orientation 0.00
drill  0.000000
shape_offset  0.000000  0.000000
$EndPAD
$PAD "2"
Shape Roundrect Layer back
position  1.650000  0.000000  size  0.900000  1.200000  orientation 0.00
drill  0.000000
shape_offset  0.000000  0.000000
$EndPAD
$EndMODULE  D3

$MODULE D4
footprint Diode_SMD:D_SOD-123
attribut smd
position 165.100000 84.137500  orientation 90.00
layer back
$PAD "1"
Shape Roundrect Layer back
position -1.650000  0.000000  size  0.900000  1.200000  orientation 0.00
drill  0.000000
shape_offset  0.000000  0.000000
$EndPAD
$PAD "2"
Shape Roundrect Layer back
position  1.650000  0.000000  size  0.900000  1.200000  orientation 0.00
drill  0.000000
shape_offset  0.000000  0.000000
$EndPAD
$EndMODULE  D4

$MODULE D5
footprint Diode_SMD:D_SOD-123
attribut smd
position 112.712500 103.187500  orientation 90.00
layer back
$PAD "1"
Shape Roundrect Layer back
position -1.650000  0.000000  size  0.900000  1.200000  orientation 0.00
drill  0.000000
shape_offset  0.000000  0.000000
$EndPAD
$PAD "2"
Shape Roundrect Layer back
position  1.650000  0.000000  size  0.900000  1.200000  orientation 0.00
drill  0.000000
shape_offset  0.000000  0.000000
$EndPAD
$EndMODULE  D5

$MODULE D6
footprint Diode_SMD:D_SOD-123
attribut smd
position 131.762500 103.187500  orientation 90.00
layer back
$PAD "1"
Shape Roundrect Layer back
position -1.650000  0.000000  size  0.900000  1.200000  orientation 0.00
drill  0.000000
shape_offset  0.000000  0.000000
$EndPAD
$PAD "2"
Shape Roundrect Layer back
position  1.650000  0.000000  size  0.900000  1.200000  orientation 0.00
drill  0.000000
shape_offset  0.000000  0.000000
$EndPAD
$EndMODULE  D6

$MODULE D7
footprint Diode_SMD:D_SOD-123
attribut smd
position 150.812500 103.187500  orientation 90.00
layer back
$PAD "1"
Shape Roundrect Layer back
position -1.650000  0.000000  size  0.900000  1.200000  orientation 0.00
drill  0.000000
shape_offset  0.000000  0.000000
$EndPAD
$PAD "2"
Shape Roundrect Layer back
position  1.650000  0.000000  size  0.900000  1.200000  orientation 0.00
drill  0.000000
shape_offset  0.000000  0.000000
$EndPAD
$EndMODULE  D7

$MODULE D8
footprint Diode_SMD:D_SOD-123
attribut smd
position 169.703750 122.237500  orientation 90.00
layer back
$PAD "1"
Shape Roundrect Layer back
position -1.650000  0.000000  size  0.900000  1.200000  orientation 0.00
drill  0.000000
shape_offset  0.000000  0.000000
$EndPAD
$PAD "2"
Shape Roundrect Layer back
position  1.650000  0.000000  size  0.900000  1.200000  orientation 0.00
drill  0.000000
shape_offset  0.000000  0.000000
$EndPAD
$EndMODULE  D8

$MODULE D9
footprint Diode_SMD:D_SOD-123
attribut smd
position 112.712500 122.237500  orientation 90.00
layer back
$PAD "1"
Shape Roundrect Layer back
position -1.650000  0.000000  size  0.900000  1.200000  orientation 0.00
drill  0.000000
shape_offset  0.000000  0.000000
$EndPAD
$PAD "2"
Shape Roundrect Layer back
position  1.650000  0.000000  size  0.900000  1.200000  orientation 0.00
drill  0.000000
shape_offset  0.000000  0.000000
$EndPAD
$EndMODULE  D9

$MODULE D10
footprint Diode_SMD:D_SOD-123
attribut smd
position 131.762500 122.237500  orientation 90.00
layer back
$PAD "1"
Shape Roundrect Layer back
position -1.650000  0.000000  size  0.900000  1.200000  orientation 0.00
drill  0.000000
shape_offset  0.000000  0.000000
$EndPAD
$PAD "2"
Shape Roundrect Layer back
position  1.650000  0.000000  size  0.900000  1.200000  orientation 0.00
drill  0.000000
shape_offset  0.000000  0.000000
$EndPAD
$EndMODULE  D10

$MODULE D11
footprint Diode_SMD:D_SOD-123
attribut smd
position 150.812500 122.237500  orientation 90.00
layer back
$PAD "1"
Shape Roundrect Layer back
position -1.650000  0.000000  size  0.900000  1.200000  orientation 0.00
drill  0.000000
shape_offset  0.000000  0.000000
$EndPAD
$PAD "2"
Shape Roundrect Layer back
position  1.650000  0.000000  size  0.900000  1.200000  orientation 0.00
drill  0.000000
shape_offset  0.000000  0.000000
$EndPAD
$EndMODULE  D11

$MODULE D12
footprint Diode_SMD:D_SOD-123
attribut smd
position 169.703750 103.187500  orientation 90.00
layer back
$PAD "1"
Shape Roundrect Layer back
position -1.650000  0.000000  size  0.900000  1.200000  orientation 0.00
drill  0.000000
shape_offset  0.000000  0.000000
$EndPAD
$PAD "2"
Shape Roundrect Layer back
position  1.650000  0.000000  size  0.900000  1.200000  orientation 0.00
drill  0.000000
shape_offset  0.000000  0.000000
$EndPAD
$EndMODULE  D12

$MODULE D13
footprint Diode_SMD:D_SOD-123
attribut smd
position 112.632500 141.287500  orientation 90.00
layer back
$PAD "1"
Shape Roundrect Layer back
position -1.650000  0.000000  size  0.900000  1.200000  orientation 0.00
drill  0.000000
shape_offset  0.000000  0.000000
$EndPAD
$PAD "2"
Shape Roundrect Layer back
position  1.650000  0.000000  size  0.900000  1.200000  orientation 0.00
drill  0.000000
shape_offset  0.000000  0.000000
$EndPAD
$EndMODULE  D13

$MODULE D14
footprint Diode_SMD:D_SOD-123
attribut smd
position 131.682500 141.287500  orientation 90.00
layer back
$PAD "1"
Shape Roundrect Layer back
position -1.650000  0.000000  size  0.900000  1.200000  orientation 0.00
drill  0.000000
shape_offset  0.000000  0.000000
$EndPAD
$PAD "2"
Shape Roundrect Layer back
position  1.650000  0.000000  size  0.900000  1.200000  orientation 0.00
drill  0.000000
shape_offset  0.000000  0.000000
$EndPAD
$EndMODULE  D14

$MODULE D15
footprint Diode_SMD:D_SOD-123
attribut smd
position 150.732500 141.287500  orientation 90.00
layer back
$PAD "1"
Shape Roundrect Layer back
position -1.650000  0.000000  size  0.900000  1.200000  orientation 0.00
drill  0.000000
shape_offset  0.000000  0.000000
$EndPAD
$PAD "2"
Shape Roundrect Layer back
position  1.650000  0.000000  size  0.900000  1.200000  orientation 0.00
drill  0.000000
shape_offset  0.000000  0.000000
$EndPAD
$EndMODULE  D15

$MODULE D16
footprint Diode_SMD:D_SOD-123
attribut smd
position 149.860000 150.812500  orientation 90.00
layer back
$PAD "1"
Shape Roundrect Layer back
position -1.650000  0.000000  size  0.900000  1.200000  orientation 0.00
drill  0.000000
shape_offset  0.000000  0.000000
$EndPAD
$PAD "2"
Shape Roundrect Layer back
position  1.650000  0.000000  size  0.900000  1.200000  orientation 0.00
drill  0.000000
shape_offset  0.000000  0.000000
$EndPAD
$EndMODULE  D16

$MODULE D17
footprint Diode_SMD:D_SOD-123
attribut smd
position 122.872500 155.575000  orientation 90.00
layer back
$PAD "1"
Shape Roundrect Layer back
position -1.650000  0.000000  size  0.900000  1.200000  orientation 0.00
drill  0.000000
shape_offset  0.000000  0.000000
$EndPAD
$PAD "2"
Shape Roundrect Layer back
position  1.650000  0.000000  size  0.900000  1.200000  orientation 0.00
drill  0.000000
shape_offset  0.000000  0.000000
$EndPAD
$EndMODULE  D17

$MODULE H1
footprint MountingHole:MountingHole_2.2mm_M2
attribut virtual
position 94.297500 70.643750  orientation 0.00
layer front
$PAD ""
Shape Circle Layer both
position  0.000000  0.000000  size  3.150000  3.150000  orientation 0.00
drill  2.200000
shape_offset  0.000000  0.000000
$EndPAD
$EndMODULE  H1

$MODULE H2
footprint MountingHole:MountingHole_2.2mm_M2
attribut virtual
position 192.722500 70.643750  orientation 0.00
layer front
$PAD ""
Shape Circle Layer both
position  0.000000  0.000000  size  3.150000  3.150000  orientation 0.00
drill  2.200000
shape_offset  0.000000  0.000000
$EndPAD
$EndMODULE  H2

$MODULE H3
footprint MountingHole:MountingHole_2.2mm_M2
attribut virtual
position 94.297500 165.100000  orientation 0.00
layer front
$PAD ""
Shape Circle Layer both
position  0.000000  0.000000  size  3.150000  3.150000  orientation 0.00
drill  2.200000
shape_offset  0.000000  0.000000
$EndPAD
$EndMODULE  H3

$MODULE H4
footprint MountingHole:MountingHole_2.2mm_M2
attribut virtual
position 192.722500 165.100000  orientation 0.00
layer front
$PAD ""
Shape Circle Layer both
position  0.000000  0.000000  size  3.150000  3.150000  orientation 0.00
drill  2.200000
shape_offset  0.000000  0.000000
$EndPAD
$EndMODULE  H4

$MODULE MX1
footprint PCM_marbastlib-mx:SW_MX_1u
attribut none
position 104.616250 79.375000  orientation 0.00
layer front
$PAD ""
Shape Circle Layer both
position -5.080000  0.000000  size  1.750000  1.750000  orientation 0.00
drill  1.750000
shape_offset  0.000000  0.000000
$EndPAD
$PAD ""
Shape Circle Layer both
position  0.000000  0.000000  size  3.987800  3.987800  orientation 0.00
drill  3.987800
shape_offset  0.000000  0.000000
$EndPAD
$PAD ""
Shape Circle Layer both
position  5.080000  0.000000  size  1.750000  1.750000  orientation 0.00
drill  1.750000
shape_offset  0.000000  0.000000
$EndPAD
$PAD "1"
Shape Circle Layer both
position -3.810000 -2.540000  size  2.300000  2.300000  orientation 0.00
drill  1.524000
shape_offset  0.000000  0.000000
$EndPAD
$PAD "2"
Shape Circle Layer both
position  2.540000 -5.080000  size  2.300000  2.300000  orientation 0.00
drill  1.524000
shape_offset  0.000000  0.000000
$EndPAD
$EndMODULE  MX1

$MODULE MX2
footprint PCM_marbastlib-mx:SW_MX_1.5u
attribut none
position 128.428750 79.375000  orientation 0.00
layer front
$PAD ""
Shape Circle Layer both
position -5.080000  0.000000  size  1.750000  1.750000  orientation 0.00
drill  1.750000
shape_offset  0.000000  0.000000
$EndPAD
$PAD ""
Shape Circle Layer both
position  0.000000  0.000000  size  3.987800  3.987800  orientation 0.00
drill  3.987800
shape_offset  0.000000  0.000000
$EndPAD
$PAD ""
Shape Circle Layer both
position  5.080000  0.000000  size  1.750000  1.750000  orientation 0.00
drill  1.750000
shape_offset  0.000000  0.000000
$EndPAD
$PAD "1"
Shape Circle Layer both
position -3.810000 -2.540000  size  2.300000  2.300000  orientation 0.00
drill  1.524000
shape_offset  0.000000  0.000000
$EndPAD
$PAD "2"
Shape Circle Layer both
position  2.540000 -5.080000  size  2.300000  2.300000  orientation 0.00
drill  1.524000
shape_offset  0.000000  0.000000
$EndPAD
$EndMODULE  MX2

$MODULE MX3
footprint PCM_marbastlib-mx:SW_MX_1u
attribut none
position 161.840000 146.112500  orientation 90.00
layer front
$PAD ""
Shape Circle Layer both
position -5.080000  0.000000  size  1.750000  1.750000  orientation 0.00
drill  1.750000
shape_offset  0.000000  0.000000
$EndPAD
$PAD ""
Shape Circle Layer both
position  0.000000  0.000000  size  3.987800  3.987800  orientation 0.00
drill  3.987800
shape_offset  0.000000  0.000000
$EndPAD
$PAD ""
Shape Circle Layer both
position  5.080000  0.000000  size  1.750000  1.750000  orientation 0.00
drill  1.750000
shape_offset  0.000000  0.000000
$EndPAD
$PAD "1"
Shape Circle Layer both
position -3.810000 -2.540000  size  2.300000  2.300000  orientation 0.00
drill  1.524000
shape_offset  0.000000  0.000000
$EndPAD
$PAD "2"
Shape Circle Layer both
position  2.540000 -5.080000  size  2.300000  2.300000  orientation 0.00
drill  1.524000
shape_offset  0.000000  0.000000
$EndPAD
$EndMODULE  MX3

$MODULE MX4
footprint PCM_marbastlib-mx:SW_MX_1.5u
attribut none
position 157.002500 79.375000  orientation 0.00
layer front
$PAD ""
Shape Circle Layer both
position -5.080000  0.000000  size  1.750000  1.750000  orientation 0.00
drill  1.750000
shape_offset  0.000000  0.000000
$EndPAD
$PAD ""
Shape Circle Layer both
position  0.000000  0.000000  size  3.987800  3.987800  orientation 0.00
drill  3.987800
shape_offset  0.000000  0.000000
$EndPAD
$PAD ""
Shape Circle Layer both
position  5.080000  0.000000  size  1.750000  1.750000  orientation 0.00
drill  1.750000
shape_offset  0.000000  0.000000
$EndPAD
$PAD "1"
Shape Circle Layer both
position -3.810000 -2.540000  size  2.300000  2.300000  orientation 0.00
drill  1.524000
shape_offset  0.000000  0.000000
$EndPAD
$PAD "2"
Shape Circle Layer both
position  2.540000 -5.080000  size  2.300000  2.300000  orientation 0.00
drill  1.524000
shape_offset  0.000000  0.000000
$EndPAD
$EndMODULE  MX4

$MODULE MX5
footprint PCM_marbastlib-mx:SW_MX_1u
attribut none
position 104.616250 98.425000  orientation 0.00
layer front
$PAD ""
Shape Circle Layer both
position -5.080000  0.000000  size  1.750000  1.750000  orientation 0.00
drill  1.750000
shape_offset  0.000000  0.000000
$EndPAD
$PAD ""
Shape Circle Layer both
position  0.000000  0.000000  size  3.987800  3.987800  orientation 0.00
drill  3.987800
shape_offset  0.000000  0.000000
$EndPAD
$PAD ""
Shape Circle Layer both
position  5.080000  0.000000  size  1.750000  1.750000  orientation 0.00
drill  1.750000
shape_offset  0.000000  0.000000
$EndPAD
$PAD "1"
Shape Circle Layer both
position -3.810000 -2.540000  size  2.300000  2.300000  orientation 0.00
drill  1.524000
shape_offset  0.000000  0.000000
$EndPAD
$PAD "2"
Shape Circle Layer both
position  2.540000 -5.080000  size  2.300000  2.300000  orientation 0.00
drill  1.524000
shape_offset  0.000000  0.000000
$EndPAD
$EndMODULE  MX5

$MODULE MX6
footprint PCM_marbastlib-mx:SW_MX_1u
attribut none
position 123.660000 98.425000  orientation 0.00
layer front
$PAD ""
Shape Circle Layer both
position -5.080000  0.000000  size  1.750000  1.750000  orientation 0.00
drill  1.750000
shape_offset  0.000000  0.000000
$EndPAD
$PAD ""
Shape Circle Layer both
position  0.000000  0.000000  size  3.987800  3.987800  orientation 0.00
drill  3.987800
shape_offset  0.000000  0.000000
$EndPAD
$PAD ""
Shape Circle Layer both
position  5.080000  0.000000  size  1.750000  1.750000  orientation 0.00
drill  1.750000
shape_offset  0.000000  0.000000
$EndPAD
$PAD "1"
Shape Circle Layer both
position -3.810000 -2.540000  size  2.300000  2.300000  orientation 0.00
drill  1.524000
shape_offset  0.000000  0.000000
$EndPAD
$PAD "2"
Shape Circle Layer both
position  2.540000 -5.080000  size  2.300000  2.300000  orientation 0.00
drill  1.524000
shape_offset  0.000000  0.000000
$EndPAD
$EndMODULE  MX6

$MODULE MX7
footprint PCM_marbastlib-mx:SW_MX_1u
attribut none
position 142.686250 98.425000  orientation 0.00
layer front
$PAD ""
Shape Circle Layer both
position -5.080000  0.000000  size  1.750000  1.750000  orientation 0.00
drill  1.750000
shape_offset  0.000000  0.000000
$EndPAD
$PAD ""
Shape Circle Layer both
position  0.000000  0.000000  size  3.987800  3.987800  orientation 0.00
drill  3.987800
shape_offset  0.000000  0.000000
$EndPAD
$PAD ""
Shape Circle Layer both
position  5.080000  0.000000  size  1.750000  1.750000  orientation 0.00
drill  1.750000
shape_offset  0.000000  0.000000
$EndPAD
$PAD "1"
Shape Circle Layer both
position -3.810000 -2.540000  size  2.300000  2.300000  orientation 0.00
drill  1.524000
shape_offset  0.000000  0.000000
$EndPAD
$PAD "2"
Shape Circle Layer both
position  2.540000 -5.080000  size  2.300000  2.300000  orientation 0.00
drill  1.524000
shape_offset  0.000000  0.000000
$EndPAD
$EndMODULE  MX7

$MODULE MX8
footprint PCM_marbastlib-mx:SW_MX_1u
attribut none
position 161.766250 117.475000  orientation 0.00
layer front
$PAD ""
Shape Circle Layer both
position -5.080000  0.000000  size  1.750000  1.750000  orientation 0.00
drill  1.750000
shape_offset  0.000000  0.000000
$EndPAD
$PAD ""
Shape Circle Layer both
position  0.000000  0.000000  size  3.987800  3.987800  orientation 0.00
drill  3.987800
shape_offset  0.000000  0.000000
$EndPAD
$PAD ""
Shape Circle Layer both
position  5.080000  0.000000  size  1.750000  1.750000  orientation 0.00
drill  1.750000
shape_offset  0.000000  0.000000
$EndPAD
$PAD "1"
Shape Circle Layer both
position -3.810000 -2.540000  size  2.300000  2.300000  orientation 0.00
drill  1.524000
shape_offset  0.000000  0.000000
$EndPAD
$PAD "2"
Shape Circle Layer both
position  2.540000 -5.080000  size  2.300000  2.300000  orientation 0.00
drill  1.524000
shape_offset  0.000000  0.000000
$EndPAD
$EndMODULE  MX8

$MODULE MX9
footprint PCM_marbastlib-mx:SW_MX_1u
attribut none
position 104.616250 117.475000  orientation 0.00
layer front
$PAD ""
Shape Circle Layer both
position -5.080000  0.000000  size  1.750000  1.750000  orientation 0.00
drill  1.750000
shape_offset  0.000000  0.000000
$EndPAD
$PAD ""
Shape Circle Layer both
position  0.000000  0.000000  size  3.987800  3.987800  orientation 0.00
drill  3.987800
shape_offset  0.000000  0.000000
$EndPAD
$PAD ""
Shape Circle Layer both
position  5.080000  0.000000  size  1.750000  1.750000  orientation 0.00
drill  1.750000
shape_offset  0.000000  0.000000
$EndPAD
$PAD "1"
Shape Circle Layer both
position -3.810000 -2.540000  size  2.300000  2.300000  orientation 0.00
drill  1.524000
shape_offset  0.000000  0.000000
$EndPAD
$PAD "2"
Shape Circle Layer both
position  2.540000 -5.080000  size  2.300000  2.300000  orientation 0.00
drill  1.524000
shape_offset  0.000000  0.000000
$EndPAD
$EndMODULE  MX9

$MODULE MX10
footprint PCM_marbastlib-mx:SW_MX_1u
attribut none
position 123.660000 117.475000  orientation 0.00
layer front
$PAD ""
Shape Circle Layer both
position -5.080000  0.000000  size  1.750000  1.750000  orientation 0.00
drill  1.750000
shape_offset  0.000000  0.000000
$EndPAD
$PAD ""
Shape Circle Layer both
position  0.000000  0.000000  size  3.987800  3.987800  orientation 0.00
drill  3.987800
shape_offset  0.000000  0.000000
$EndPAD
$PAD ""
Shape Circle Layer both
position  5.080000  0.000000  size  1.750000  1.750000  orientation 0.00
drill  1.750000
shape_offset  0.000000  0.000000
$EndPAD
$PAD "1"
Shape Circle Layer both
position -3.810000 -2.540000  size  2.300000  2.300000  orientation 0.00
drill  1.524000
shape_offset  0.000000  0.000000
$EndPAD
$PAD "2"
Shape Circle Layer both
position  2.540000 -5.080000  size  2.300000  2.300000  orientation 0.00
drill  1.524000
shape_offset  0.000000  0.000000
$EndPAD
$EndMODULE  MX10

$MODULE MX11
footprint PCM_marbastlib-mx:SW_MX_1u
attribut none
position 142.686250 117.475000  orientation 0.00
layer front
$PAD ""
Shape Circle Layer both
position -5.080000  0.000000  size  1.750000  1.750000  orientation 0.00
drill  1.750000
shape_offset  0.000000  0.000000
$EndPAD
$PAD ""
Shape Circle Layer both
position  0.000000  0.000000  size  3.987800  3.987800  orientation 0.00
drill  3.987800
shape_offset  0.000000  0.000000
$EndPAD
$PAD ""
Shape Circle Layer both
position  5.080000  0.000000  size  1.750000  1.750000  orientation 0.00
drill  1.750000
shape_offset  0.000000  0.000000
$EndPAD
$PAD "1"
Shape Circle Layer both
position -3.810000 -2.540000  size  2.300000  2.300000  orientation 0.00
drill  1.524000
shape_offset  0.000000  0.000000
$EndPAD
$PAD "2"
Shape Circle Layer both
position  2.540000 -5.080000  size  2.300000  2.300000  orientation 0.00
drill  1.524000
shape_offset  0.000000  0.000000
$EndPAD
$EndMODULE  MX11

$MODULE MX12
footprint PCM_marbastlib-mx:SW_MX_1u
attribut none
position 161.766250 98.425000  orientation 0.00
layer front
$PAD ""
Shape Circle Layer both
position -5.080000  0.000000  size  1.750000  1.750000  orientation 0.00
drill  1.750000
shape_offset  0.000000  0.000000
$EndPAD
$PAD ""
Shape Circle Layer both
position  0.000000  0.000000  size  3.987800  3.987800  orientation 0.00
drill  3.987800
shape_offset  0.000000  0.000000
$EndPAD
$PAD ""
Shape Circle Layer both
position  5.080000  0.000000  size  1.750000  1.750000  orientation 0.00
drill  1.750000
shape_offset  0.000000  0.000000
$EndPAD
$PAD "1"
Shape Circle Layer both
position -3.810000 -2.540000  size  2.300000  2.300000  orientation 0.00
drill  1.524000
shape_offset  0.000000  0.000000
$EndPAD
$PAD "2"
Shape Circle Layer both
position  2.540000 -5.080000  size  2.300000  2.300000  orientation 0.00
drill  1.524000
shape_offset  0.000000  0.000000
$EndPAD
$EndMODULE  MX12

$MODULE MX13
footprint PCM_marbastlib-mx:SW_MX_1u
attribut none
position 104.610000 136.525000  orientation 0.00
layer front
$PAD ""
Shape Circle Layer both
position -5.080000  0.000000  size  1.750000  1.750000  orientation 0.00
drill  1.750000
shape_offset  0.000000  0.000000
$EndPAD
$PAD ""
Shape Circle Layer both
position  0.000000  0.000000  size  3.987800  3.987800  orientation 0.00
drill  3.987800
shape_offset  0.000000  0.000000
$EndPAD
$PAD ""
Shape Circle Layer both
position  5.080000  0.000000  size  1.750000  1.750000  orientation 0.00
drill  1.750000
shape_offset  0.000000  0.000000
$EndPAD
$PAD "1"
Shape Circle Layer both
position -3.810000 -2.540000  size  2.300000  2.300000  orientation 0.00
drill  1.524000
shape_offset  0.000000  0.000000
$EndPAD
$PAD "2"
Shape Circle Layer both
position  2.540000 -5.080000  size  2.300000  2.300000  orientation 0.00
drill  1.524000
shape_offset  0.000000  0.000000
$EndPAD
$EndMODULE  MX13

$MODULE MX14
footprint PCM_marbastlib-mx:SW_MX_1u
attribut none
position 123.660000 136.525000  orientation 0.00
layer front
$PAD ""
Shape Circle Layer both
position -5.080000  0.000000  size  1.750000  1.750000  orientation 0.00
drill  1.750000
shape_offset  0.000000  0.000000
$EndPAD
$PAD ""
Shape Circle Layer both
position  0.000000  0.000000  size  3.987800  3.987800  orientation 0.00
drill  3.987800
shape_offset  0.000000  0.000000
$EndPAD
$PAD ""
Shape Circle Layer both
position  5.080000  0.000000  size  1.750000  1.750000  orientation 0.00
drill  1.750000
shape_offset  0.000000  0.000000
$EndPAD
$PAD "1"
Shape Circle Layer both
position -3.810000 -2.540000  size  2.300000  2.300000  orientation 0.00
drill  1.524000
shape_offset  0.000000  0.000000
$EndPAD
$PAD "2"
Shape Circle Layer both
position  2.540000 -5.080000  size  2.300000  2.300000  orientation 0.00
drill  1.524000
shape_offset  0.000000  0.000000
$EndPAD
$EndMODULE  MX14

$MODULE MX15
footprint PCM_marbastlib-mx:SW_MX_1u
attribut none
position 142.686250 136.525000  orientation 0.00
layer front
$PAD ""
Shape Circle Layer both
position -5.080000  0.000000  size  1.750000  1.750000  orientation 0.00
drill  1.750000
shape_offset  0.000000  0.000000
$EndPAD
$PAD ""
Shape Circle Layer both
position  0.000000  0.000000  size  3.987800  3.987800  orientation 0.00
drill  3.987800
shape_offset  0.000000  0.000000
$EndPAD
$PAD ""
Shape Circle Layer both
position  5.080000  0.000000  size  1.750000  1.750000  orientation 0.00
drill  1.750000
shape_offset  0.000000  0.000000
$EndPAD
$PAD "1"
Shape Circle Layer both
position -3.810000 -2.540000  size  2.300000  2.300000  orientation 0.00
drill  1.524000
shape_offset  0.000000  0.000000
$EndPAD
$PAD "2"
Shape Circle Layer both
position  2.540000 -5.080000  size  2.300000  2.300000  orientation 0.00
drill  1.524000
shape_offset  0.000000  0.000000
$EndPAD
$EndMODULE  MX15

$MODULE MX16
footprint PCM_marbastlib-mx:SW_MX_1u
attribut none
position 142.716250 155.575000  orientation 0.00
layer front
$PAD ""
Shape Circle Layer both
position -5.080000  0.000000  size  1.750000  1.750000  orientation 0.00
drill  1.750000
shape_offset  0.000000  0.000000
$EndPAD
$PAD ""
Shape Circle Layer both
position  0.000000  0.000000  size  3.987800  3.987800  orientation 0.00
drill  3.987800
shape_offset  0.000000  0.000000
$EndPAD
$PAD ""
Shape Circle Layer both
position  5.080000  0.000000  size  1.750000  1.750000  orientation 0.00
drill  1.750000
shape_offset  0.000000  0.000000
$EndPAD
$PAD "1"
Shape Circle Layer both
position -3.810000 -2.540000  size  2.300000  2.300000  orientation 0.00
drill  1.524000
shape_offset  0.000000  0.000000
$EndPAD
$PAD "2"
Shape Circle Layer both
position  2.540000 -5.080000  size  2.300000  2.300000  orientation 0.00
drill  1.524000
shape_offset  0.000000  0.000000
$EndPAD
$EndMODULE  MX16

$MODULE MX17
footprint PCM_marbastlib-mx:SW_MX_1u
attribut none
position 114.141250 155.575000  orientation 0.00
layer front
$PAD ""
Shape Circle Layer both
position -5.080000  0.000000  size  1.750000  1.750000  orientation 0.00
drill  1.750000
shape_offset  0.000000  0.000000
$EndPAD
$PAD ""
Shape Circle Layer both
position  0.000000  0.000000  size  3.987800  3.987800  orientation 0.00
drill  3.987800
shape_offset  0.000000  0.000000
$EndPAD
$PAD ""
Shape Circle Layer both
position  5.080000  0.000000  size  1.750000  1.750000  orientation 0.00
drill  1.750000
shape_offset  0.000000  0.000000
$EndPAD
$PAD "1"
Shape Circle Layer both
position -3.810000 -2.540000  size  2.300000  2.300000  orientation 0.00
drill  1.524000
shape_offset  0.000000  0.000000
$EndPAD
$PAD "2"
Shape Circle Layer both
position  2.540000 -5.080000  size  2.300000  2.300000  orientation 0.00
drill  1.524000
shape_offset  0.000000  0.000000
$EndPAD
$EndMODULE  MX17

$MODULE S2
footprint PCM_marbastlib-mx:STAB_MX_2u
attribut none
position 161.840000 146.112500  orientation 90.00
layer front
$PAD ""
Shape Circle Layer both
position -11.906250 -6.985000  size  3.048000  3.048000  orientation 0.00
drill  3.048000
shape_offset  0.000000  0.000000
$EndPAD
$PAD ""
Shape Circle Layer both
position -11.906250  8.255000  size  3.987800  3.987800  orientation 0.00
drill  3.987800
shape_offset  0.000000  0.000000
$EndPAD
$PAD ""
Shape Circle Layer both
position 11.906250 -6.985000  size  3.048000  3.048000  orientation 0.00
drill  3.048000
shape_offset  0.000000  0.000000
$EndPAD
$PAD ""
Shape Circle Layer both
position 11.906250  8.255000  size  3.987800  3.987800  orientation 0.00
drill  3.987800
shape_offset  0.000000  0.000000
$EndPAD
$EndMODULE  S2

$MODULE S3
footprint PCM_marbastlib-mx:STAB_MX_2u
attribut none
position 114.141250 155.575000  orientation 0.00
layer front
$PAD ""
Shape Circle Layer both
position -11.906250 -6.985000  size  3.048000  3.048000  orientation 0.00
drill  3.048000
shape_offset  0.000000  0.000000
$EndPAD
$PAD ""
Shape Circle Layer both
position -11.906250  8.255000  size  3.987800  3.987800  orientation 0.00
drill  3.987800
shape_offset  0.000000  0.000000
$EndPAD
$PAD ""
Shape Circle Layer both
position 11.906250 -6.985000  size  3.048000  3.048000  orientation 0.00
drill  3.048000
shape_offset  0.000000  0.000000
$EndPAD
$PAD ""
Shape Circle Layer both
position 11.906250  8.255000  size  3.987800  3.987800  orientation 0.00
drill  3.987800
shape_offset  0.000000  0.000000
$EndPAD
$EndMODULE  S3

$MODULE U1
footprint ScottoKeebs_MCU:Arduino_Pro_Micro
attribut none
position 181.133750 87.630000  orientation 0.00
layer front
$PAD "1"
Shape Rect Layer both
position -7.620000 -13.970000  size  1.752600  1.752600  orientation 270.00
drill  1.092200
shape_offset  0.000000  0.000000
$EndPAD
$PAD "2"
Shape Circle Layer both
position -7.620000 -11.430000  size  1.752600  1.752600  orientation 270.00
drill  1.092200
shape_offset  0.000000  0.000000
$EndPAD
$PAD "3"
Shape Circle Layer both
position -7.620000 -8.890000  size  1.752600  1.752600  orientation 270.00
drill  1.092200
shape_offset  0.000000  0.000000
$EndPAD
$PAD "4"
Shape Circle Layer both
position -7.620000 -6.350000  size  1.752600  1.752600  orientation 270.00
drill  1.092200
shape_offset  0.000000  0.000000
$EndPAD
$PAD "5"
Shape Circle Layer both
position -7.620000 -3.810000  size  1.752600  1.752600  orientation 270.00
drill  1.092200
shape_offset  0.000000  0.000000
$EndPAD
$PAD "6"
Shape Circle Layer both
position -7.620000 -1.270000  size  1.752600  1.752600  orientation 270.00
drill  1.092200
shape_offset  0.000000  0.000000
$EndPAD
$PAD "7"
Shape Circle Layer both
position -7.620000  1.270000  size  1.752600  1.752600  orientation 270.00
drill  1.092200
shape_offset  0.000000  0.000000
$EndPAD
$PAD "8"
Shape Circle Layer both
position -7.620000  3.810000  size  1.752600  1.752600  orientation 270.00
drill  1.092200
shape_offset  0.000000  0.000000
$EndPAD
$PAD "9"
Shape Circle Layer both
position -7.620000  6.350000  size  1.752600  1.752600  orientation 270.00
drill  1.092200
shape_offset  0.000000  0.000000
$EndPAD
$PAD "10"
Shape Circle Layer both
position -7.620000  8.890000  size  1.752600  1.752600  orientation 270.00
drill  1.092200
shape_offset  0.000000  0.000000
$EndPAD
$PAD "11"
Shape Circle Layer both
position -7.620000 11.430000  size  1.752600  1.752600  orientation 270.00
drill  1.092200
shape_offset  0.000000  0.000000
$EndPAD
$PAD "12"
Shape Circle Layer both
position -7.620000 13.970000  size  1.752600  1.752600  orientation 270.00
drill  1.092200
shape_offset  0.000000  0.000000
$EndPAD
$PAD "13"
Shape Circle Layer both
position  7.620000 13.970000  size  1.752600  1.752600  orientation 270.00
drill  1.092200
shape_offset  0.000000  0.000000
$EndPAD
$PAD "14"
Shape Circle Layer both
position  7.620000 11.430000  size  1.752600  1.752600  orientation 270.00
drill  1.092200
shape_offset  0.000000  0.000000
$EndPAD
$PAD "15"
Shape Circle Layer both
position  7.620000  8.890000  size  1.752600  1.752600  orientation 270.00
drill  1.092200
shape_offset  0.000000  0.000000
$EndPAD
$PAD "16"
Shape Circle Layer both
position  7.620000  6.350000  size  1.752600  1.752600  orientation 270.00
drill  1.092200
shape_offset  0.000000  0.000000
$EndPAD
$PAD "17"
Shape Circle Layer both
position  7.620000  3.810000  size  1.752600  1.752600  orientation 270.00
drill  1.092200
shape_offset  0.000000  0.000000
$EndPAD
$PAD "18"
Shape Circle Layer both
position  7.620000  1.270000  size  1.752600  1.752600  orientation 270.00
drill  1.092200
shape_offset  0.000000  0.000000
$EndPAD
$PAD "19"
Shape Circle Layer both
position  7.620000 -1.270000  size  1.752600  1.752600  orientation 270.00
drill  1.092200
shape_offset  0.000000  0.000000
$EndPAD
$PAD "20"
Shape Circle Layer both
position  7.620000 -3.810000  size  1.752600  1.752600  orientation 270.00
drill  1.092200
shape_offset  0.000000  0.000000
$EndPAD
$PAD "21"
Shape Circle Layer both
position  7.620000 -6.350000  size  1.752600  1.752600  orientation 270.00
drill  1.092200
shape_offset  0.000000  0.000000
$EndPAD
$PAD "22"
Shape Circle Layer both
position  7.620000 -8.890000  size  1.752600  1.752600  orientation 270.00
drill  1.092200
shape_offset  0.000000  0.000000
$EndPAD
$PAD "23"
Shape Circle Layer both
position  7.620000 -11.430000  size  1.752600  1.752600  orientation 270.00
drill  1.092200
shape_offset  0.000000  0.000000
$EndPAD
$PAD "24"
Shape Circle Layer both
position  7.620000 -13.970000  size  1.752600  1.752600  orientation 270.00
drill  1.092200
shape_offset  0.000000  0.000000
$EndPAD
$EndMODULE  U1

$EndDESCRIPTION
